<?xml version="1.0" encoding="UTF-8"?>
<!-- Generated by org.testng.reporters.JUnitReportReporter -->
<testsuite skipped="1" hostname="Ningappas-MacBook-Pro.local" name="com.trello.qa.testcases.BoardWindowPageTest" tests="6" failures="0" timestamp="2022-06-25T18:16:06 IST" time="23.571" errors="0">
  <testcase name="createBoardTest" time="4.388" classname="com.trello.qa.testcases.BoardWindowPageTest"/>
  <system-out/>
  <testcase name="createChecklistOnCardTest" time="3.712" classname="com.trello.qa.testcases.BoardWindowPageTest"/>
  <system-out/>
  <testcase name="moveCardTest" time="2.842" classname="com.trello.qa.testcases.BoardWindowPageTest"/>
  <system-out/>
  <testcase name="addCardTest" time="11.445" classname="com.trello.qa.testcases.BoardWindowPageTest"/>
  <system-out/>
  <testcase name="createListTest" time="1.184" classname="com.trello.qa.testcases.BoardWindowPageTest"/>
  <system-out/>
  <testcase name="archiveListTest" classname="com.trello.qa.testcases.BoardWindowPageTest">
    <skipped/>
  </testcase> <!-- archiveListTest -->
  <system-out/>
</testsuite> <!-- com.trello.qa.testcases.BoardWindowPageTest -->
