<?xml version="1.0" encoding="UTF-8"?>
<!-- Generated by org.testng.reporters.JUnitReportReporter -->
<testsuite skipped="5" hostname="Ningappas-MBP.bbrouter" name="com.trello.API.testcases.RestAssuredAPITestcases" tests="6" failures="0" timestamp="2022-06-27T21:12:43 IST" time="8.895" errors="0">
  <testcase name="updateCardTest" time="8.895" classname="com.trello.API.testcases.RestAssuredAPITestcases"/>
  <system-out/>
  <testcase name="EndtoEndTest" classname="com.trello.API.testcases.RestAssuredAPITestcases">
    <skipped/>
  </testcase> <!-- EndtoEndTest -->
  <system-out/>
  <testcase name="archiveAllCardsTest" classname="com.trello.API.testcases.RestAssuredAPITestcases">
    <skipped/>
  </testcase> <!-- archiveAllCardsTest -->
  <system-out/>
  <testcase name="createNewBoardTest" classname="com.trello.API.testcases.RestAssuredAPITestcases">
    <skipped/>
  </testcase> <!-- createNewBoardTest -->
  <system-out/>
  <testcase name="getAllBoardsTest" classname="com.trello.API.testcases.RestAssuredAPITestcases">
    <skipped/>
  </testcase> <!-- getAllBoardsTest -->
  <system-out/>
  <testcase name="createCardTest" classname="com.trello.API.testcases.RestAssuredAPITestcases">
    <skipped/>
  </testcase> <!-- createCardTest -->
  <system-out/>
</testsuite> <!-- com.trello.API.testcases.RestAssuredAPITestcases -->
