<?xml version="1.0" encoding="UTF-8"?>
<!-- Generated by org.testng.reporters.JUnitReportReporter -->
<testsuite skipped="0" hostname="Ningappas-MBP.bbrouter" name="com.trello.UI.API.testcases.SeleniumAndAPITestcases" tests="5" failures="0" timestamp="2022-06-26T23:17:53 IST" time="61.333" errors="0">
  <testcase name="TC01" time="12.151" classname="com.trello.UI.API.testcases.SeleniumAndAPITestcases"/>
  <system-out/>
  <testcase name="TC02" time="10.774" classname="com.trello.UI.API.testcases.SeleniumAndAPITestcases"/>
  <system-out/>
  <testcase name="TC03" time="10.213" classname="com.trello.UI.API.testcases.SeleniumAndAPITestcases"/>
  <system-out/>
  <testcase name="TC05" time="15.509" classname="com.trello.UI.API.testcases.SeleniumAndAPITestcases"/>
  <system-out/>
  <testcase name="TC04" time="12.686" classname="com.trello.UI.API.testcases.SeleniumAndAPITestcases"/>
  <system-out/>
</testsuite> <!-- com.trello.UI.API.testcases.SeleniumAndAPITestcases -->
