<?xml version="1.0" encoding="UTF-8"?>
<!-- Generated by org.testng.reporters.JUnitReportReporter -->
<testsuite skipped="0" hostname="Ningappas-MacBook-Pro.local" name="com.trello.API.testcases.APITestCases" tests="1" failures="0" timestamp="2022-06-25T12:05:54 IST" time="6.820" errors="0">
  <testcase name="createBoardList" time="6.820" classname="com.trello.API.testcases.APITestCases"/>
  <system-out/>
</testsuite> <!-- com.trello.API.testcases.APITestCases -->
