<?xml version="1.0" encoding="UTF-8"?>
<!-- Generated by org.testng.reporters.JUnitReportReporter -->
<testsuite skipped="6" hostname="Ningappas-MBP.bbrouter" name="com.trello.selenium.testcases.SeleniumUIAutomationTestcases" tests="8" failures="0" timestamp="2022-06-27T14:37:42 IST" time="7.712" errors="1">
  <testcase name="createBoardTest" time="6.990" classname="com.trello.selenium.testcases.SeleniumUIAutomationTestcases"/>
  <system-out/>
  <testcase name="sendReportByEmail" time="0.722" classname="com.trello.selenium.testcases.SeleniumUIAutomationTestcases">
    <error type="java.lang.NoSuchMethodError" message="com.sun.mail.util.TraceInputStream.&lt;init&gt;(Ljava/io/InputStream;Lcom/sun/mail/util/MailLogger;)V">
      <![CDATA[java.lang.NoSuchMethodError: com.sun.mail.util.TraceInputStream.<init>(Ljava/io/InputStream;Lcom/sun/mail/util/MailLogger;)V
at com.sun.mail.smtp.SMTPTransport.initStreams(SMTPTransport.java:2014)
at com.sun.mail.smtp.SMTPTransport.openServer(SMTPTransport.java:1936)
at com.sun.mail.smtp.SMTPTransport.protocolConnect(SMTPTransport.java:654)
at javax.mail.Service.connect(Service.java:313)
at javax.mail.Service.connect(Service.java:172)
at javax.mail.Service.connect(Service.java:121)
at javax.mail.Transport.send0(Transport.java:190)
at javax.mail.Transport.send(Transport.java:120)
at com.qa.ExtentReportListener.SendEmail.send(SendEmail.java:72)
at com.qa.ExtentReportListener.SendEmail.send(SendEmail.java:32)
at com.trello.selenium.testcases.SeleniumUIAutomationTestcases.sendReportByEmail(SeleniumUIAutomationTestcases.java:155)
at sun.reflect.NativeMethodAccessorImpl.invoke0(Native Method)
at sun.reflect.NativeMethodAccessorImpl.invoke(NativeMethodAccessorImpl.java:62)
at sun.reflect.DelegatingMethodAccessorImpl.invoke(DelegatingMethodAccessorImpl.java:43)
at java.lang.reflect.Method.invoke(Method.java:498)
at org.testng.internal.MethodInvocationHelper.invokeMethod(MethodInvocationHelper.java:133)
at org.testng.internal.MethodInvocationHelper.invokeMethodConsideringTimeout(MethodInvocationHelper.java:62)
at org.testng.internal.ConfigInvoker.invokeConfigurationMethod(ConfigInvoker.java:385)
at org.testng.internal.ConfigInvoker.invokeConfigurations(ConfigInvoker.java:321)
at org.testng.SuiteRunner.privateRun(SuiteRunner.java:344)
at org.testng.SuiteRunner.run(SuiteRunner.java:276)
at org.testng.SuiteRunnerWorker.runSuite(SuiteRunnerWorker.java:53)
at org.testng.SuiteRunnerWorker.run(SuiteRunnerWorker.java:96)
at org.testng.TestNG.runSuitesSequentially(TestNG.java:1212)
at org.testng.TestNG.runSuitesLocally(TestNG.java:1134)
at org.testng.TestNG.runSuites(TestNG.java:1063)
at org.testng.TestNG.run(TestNG.java:1031)
at org.testng.remote.AbstractRemoteTestNG.run(AbstractRemoteTestNG.java:115)
at org.testng.remote.RemoteTestNG.initAndRun(RemoteTestNG.java:251)
at org.testng.remote.RemoteTestNG.main(RemoteTestNG.java:77)
]]>
    </error>
  </testcase> <!-- sendReportByEmail -->
  <system-out/>
  <testcase name="createListTest" classname="com.trello.selenium.testcases.SeleniumUIAutomationTestcases">
    <skipped/>
  </testcase> <!-- createListTest -->
  <system-out/>
  <testcase name="addCardActions" classname="com.trello.selenium.testcases.SeleniumUIAutomationTestcases">
    <skipped/>
  </testcase> <!-- addCardActions -->
  <system-out/>
  <testcase name="moveSingleCardTest" classname="com.trello.selenium.testcases.SeleniumUIAutomationTestcases">
    <skipped/>
  </testcase> <!-- moveSingleCardTest -->
  <system-out/>
  <testcase name="archiveListTest" classname="com.trello.selenium.testcases.SeleniumUIAutomationTestcases">
    <skipped/>
  </testcase> <!-- archiveListTest -->
  <system-out/>
  <testcase name="moveAllCardsBetweenListTest" classname="com.trello.selenium.testcases.SeleniumUIAutomationTestcases">
    <skipped/>
  </testcase> <!-- moveAllCardsBetweenListTest -->
  <system-out/>
  <testcase name="addCardTest" classname="com.trello.selenium.testcases.SeleniumUIAutomationTestcases">
    <skipped/>
  </testcase> <!-- addCardTest -->
  <system-out/>
</testsuite> <!-- com.trello.selenium.testcases.SeleniumUIAutomationTestcases -->
